[0005.76] Log: Log file open, 11/27/15 21:24:00
[0005.76] Log: 
[0005.76] DevMemory: Memory allocations reported by the OS: 264.24 MB (with 0.00 MB waste)
[0493.76] Log: 
[0493.76] DevMemory: Memory allocations reported by the OS: 300.37 MB (with 0.00 MB waste)
[0792.75] Log: 
[0792.75] DevMemory: Memory allocations reported by the OS: 364.60 MB (with 0.00 MB waste)
[1106.95] Log: 
[1106.95] DevMemory: Memory allocations reported by the OS: 231.34 MB (with 0.00 MB waste)
[1109.61] Log: 
[1109.61] DevMemory: Memory allocations reported by the OS: 222.29 MB (with 0.00 MB waste)
[1190.70] Log: 
[1190.70] DevMemory: Memory allocations reported by the OS: 231.68 MB (with 0.00 MB waste)
[1236.61] Log: 
[1236.61] DevMemory: Memory allocations reported by the OS: 224.93 MB (with 0.00 MB waste)
[1347.78] Log: 
[1347.78] DevMemory: Memory allocations reported by the OS: 235.36 MB (with 0.00 MB waste)
[1350.64] Log: 
[1350.64] DevMemory: Memory allocations reported by the OS: 227.16 MB (with 0.00 MB waste)
[1665.09] Log: 
[1665.09] DevMemory: Memory allocations reported by the OS: 245.48 MB (with 0.00 MB waste)
[1675.28] Log: 
[1675.28] DevMemory: Memory allocations reported by the OS: 232.25 MB (with 0.00 MB waste)
[1695.91] Log: 
[1695.91] DevMemory: Memory allocations reported by the OS: 244.89 MB (with 0.00 MB waste)
[1710.48] Log: Closing by request
[1712.13] Log: Log file closed, 11/27/15 21:52:27
