3/19/2017 9:05:08 PM : load E:/ColorPage/Pal6/Pal6_Data\Data/MapData.dat begin
3/19/2017 9:05:10 PM : Langue SoftReferenceDictionary Load:E:/ColorPage/Pal6/Pal6_Data\Data/Langue/0/default.string
3/19/2017 9:05:10 PM : load E:/ColorPage/Pal6/Pal6_Data\Data/MapData.dat end
3/19/2017 9:05:10 PM : LoadUIAtlas begin
3/19/2017 9:05:15 PM : LoadOneLangueUIAtlas StringImage0 begin
3/19/2017 9:05:17 PM : LoadOneLangueUIAtlas StringImage0 end
3/19/2017 9:05:17 PM : LoadUIAtlas end
3/19/2017 9:05:17 PM : 当前操作系统：Windows 8.1  (6.3.14393) 64bit
3/19/2017 9:05:17 PM : IsXP == False
3/19/2017 9:05:17 PM : IsWin32 == False
3/19/2017 9:05:17 PM : 系统内存 systemMemorySize = 8138
3/19/2017 9:05:17 PM : 显存 graphicsMemorySize = 3072
3/19/2017 9:05:17 PM : 处理器 processorType = Intel(R) Core(TM) i7-3770 CPU @ 3.40GHz
3/19/2017 9:05:17 PM : IsLow = False
3/19/2017 9:05:17 PM : load E:/ColorPage/Pal6/Pal6_Data\Data/Cutscene2DCondition.dat begin
3/19/2017 9:05:17 PM : load E:/ColorPage/Pal6/Pal6_Data\Data/Cutscene2DCondition.dat end
3/19/2017 9:05:17 PM : Log : teamDataPath: /Resources/Template/System/playerTeam.prefab
3/19/2017 9:05:17 PM : load E:/ColorPage/Pal6/Pal6_Data\Data/BuffDebuff/NicknameBuffDebuff.dat begin
3/19/2017 9:05:17 PM : load E:/ColorPage/Pal6/Pal6_Data\Data/BuffDebuff/NicknameBuffDebuff.dat end
3/19/2017 9:05:17 PM : load E:/ColorPage/Pal6/Pal6_Data\Data/Item/CompoundItemList.dat begin
3/19/2017 9:05:17 PM : load E:/ColorPage/Pal6/Pal6_Data\Data/Item/CompoundItemList.dat end
3/19/2017 9:05:21 PM : 已注册字体 default
3/19/2017 9:05:21 PM : 加载default成功
3/19/2017 9:05:21 PM : Log : 当前版本号 CurVersion = 1.1
3/19/2017 9:05:21 PM : Log : PalMain初始化成功
3/19/2017 9:05:21 PM : load cbundle begin Langue/0/StartUIBack.cunity3d
3/19/2017 9:05:25 PM : load cbundle end E:/ColorPage/Pal6/Pal6_Data/Data/Langue/0/StartUIBack.cunity3d
3/19/2017 9:05:25 PM : load E:/ColorPage/Pal6/Pal6_Data\Data/Property/PlayerBase.dat begin
3/19/2017 9:05:25 PM : load E:/ColorPage/Pal6/Pal6_Data\Data/Property/PlayerBase.dat end
3/19/2017 9:05:25 PM : load E:/ColorPage/Pal6/Pal6_Data\Data/Property/HPMPDP.dat.0 begin
3/19/2017 9:05:25 PM : load E:/ColorPage/Pal6/Pal6_Data\Data/Property/HPMPDP.dat.0 end
3/19/2017 9:05:25 PM : load E:/ColorPage/Pal6/Pal6_Data\Data/Property/Fight.dat.0 begin
3/19/2017 9:05:25 PM : load E:/ColorPage/Pal6/Pal6_Data\Data/Property/Fight.dat.0 end
3/19/2017 9:05:25 PM : load E:/ColorPage/Pal6/Pal6_Data\Data/Property/Character.dat begin
3/19/2017 9:05:26 PM : load E:/ColorPage/Pal6/Pal6_Data\Data/Property/Character.dat end
3/19/2017 9:05:26 PM : load E:/ColorPage/Pal6/Pal6_Data\Data/Property/Player.dat begin
3/19/2017 9:05:26 PM : load E:/ColorPage/Pal6/Pal6_Data\Data/Property/Player.dat end
3/19/2017 9:05:26 PM : load E:/ColorPage/Pal6/Pal6_Data\Data/Property/SocialNPC.dat begin
3/19/2017 9:05:26 PM : load E:/ColorPage/Pal6/Pal6_Data\Data/Property/SocialNPC.dat end
3/19/2017 9:05:26 PM : Log : teamDataPath: /Resources/Template/System/playerTeam.prefab
3/19/2017 9:05:27 PM : Langue SoftReferenceDictionary Load:E:/ColorPage/Pal6/Pal6_Data\Data/Langue/0/UI.string
3/19/2017 9:05:36 PM : 系统内存:8138 MB
3/19/2017 9:05:38 PM :  (UnityEngine.AssetBundle)
3/19/2017 9:05:38 PM : context.swfPrefix=Pal_Resources/Effects/SEObjects/LDF/FLASH/EXF_Flash_BTHM_logoEnter.swf/EXF_Flash_BTHM_logoEnter.swf_
3/19/2017 9:05:38 PM :  (UnityEngine.AssetBundle)
3/19/2017 9:05:38 PM : context.swfPrefix=EXF_Flash_BTHM_logoEnter.swf/EXF_Flash_BTHM_logoEnter.swf_
3/19/2017 9:05:38 PM : Remove context: Pal_Resources/Effects/SEObjects/LDF/FLASH/EXF_Flash_BTHM_logoEnter.swf
3/19/2017 9:05:38 PM : Remove context: EXF_Flash_BTHM_logoEnter.swf
3/19/2017 9:05:38 PM : Log : 即将进行视频播放 E:/ColorPage/Pal6/Pal6_Data/StreamingAssets/Movies/Begin.wmv.bin
3/19/2017 9:05:42 PM : [AVProWindowsMedia] Loaded video 'E:/ColorPage/Pal6/Pal6_Data/StreamingAssets/Movies/Begin.wmv.bin' (1280x720 @ 30.00 fps) 674 frames, 22.48 seconds - format: YUV_422_YUY2
3/19/2017 9:05:43 PM : Log : 视频播放成功 E:/ColorPage/Pal6/Pal6_Data/StreamingAssets/Movies/Begin.wmv.bin | _moviePlayer.OutputTexture==null
3/19/2017 9:06:14 PM : TimeM.timeStopped::False
