12/24/2016 2:27:46 AM : The referenced script on this Behaviour is missing!
12/24/2016 2:27:46 AM : 
12/24/2016 2:27:46 AM : The referenced script on this Behaviour is missing!
12/24/2016 2:27:46 AM : 
12/24/2016 2:27:47 AM : The referenced script on this Behaviour is missing!
12/24/2016 2:27:47 AM : 
12/24/2016 2:27:47 AM : The referenced script on this Behaviour is missing!
12/24/2016 2:27:47 AM : 
12/24/2016 2:27:47 AM : The referenced script on this Behaviour is missing!
12/24/2016 2:27:47 AM : 
12/24/2016 2:27:47 AM : The referenced script on this Behaviour is missing!
12/24/2016 2:27:47 AM : 
12/24/2016 2:27:47 AM : The referenced script on this Behaviour is missing!
12/24/2016 2:27:47 AM : 
12/24/2016 2:27:47 AM : The referenced script on this Behaviour is missing!
12/24/2016 2:27:47 AM : 
12/24/2016 2:27:47 AM : Failed to create agent because there is no valid NavMesh
12/24/2016 2:27:47 AM : 
12/24/2016 2:27:48 AM : Shroud: Could not find bone defined in YueQi_E_ABC.cwf: bip001 Jaw
12/24/2016 2:27:48 AM : 
12/24/2016 2:27:48 AM : The referenced script on this Behaviour is missing!
12/24/2016 2:27:48 AM : 
12/24/2016 2:27:48 AM : The referenced script on this Behaviour is missing!
12/24/2016 2:27:48 AM : 
12/24/2016 2:27:48 AM : The referenced script on this Behaviour is missing!
12/24/2016 2:27:48 AM : 
12/24/2016 2:27:48 AM : The referenced script on this Behaviour is missing!
12/24/2016 2:27:48 AM : 
12/24/2016 2:27:48 AM : The referenced script on this Behaviour is missing!
12/24/2016 2:27:48 AM : 
12/24/2016 2:27:48 AM : The referenced script on this Behaviour is missing!
12/24/2016 2:27:48 AM : 
12/24/2016 2:27:48 AM : The referenced script on this Behaviour is missing!
12/24/2016 2:27:48 AM : 
12/24/2016 2:27:48 AM : The referenced script on this Behaviour is missing!
12/24/2016 2:27:48 AM : 
12/24/2016 2:27:48 AM : Failed to create agent because there is no valid NavMesh
12/24/2016 2:27:48 AM : 
12/24/2016 2:27:48 AM : The referenced script on this Behaviour is missing!
12/24/2016 2:27:48 AM : 
12/24/2016 2:27:48 AM : The referenced script on this Behaviour is missing!
12/24/2016 2:27:48 AM : 
12/24/2016 2:27:48 AM : The referenced script on this Behaviour is missing!
12/24/2016 2:27:48 AM : 
12/24/2016 2:27:48 AM : The referenced script on this Behaviour is missing!
12/24/2016 2:27:48 AM : 
12/24/2016 2:27:48 AM : The referenced script on this Behaviour is missing!
12/24/2016 2:27:48 AM : 
12/24/2016 2:27:48 AM : The referenced script on this Behaviour is missing!
12/24/2016 2:27:48 AM : 
12/24/2016 2:27:48 AM : The referenced script on this Behaviour is missing!
12/24/2016 2:27:48 AM : 
12/24/2016 2:27:48 AM : The referenced script on this Behaviour is missing!
12/24/2016 2:27:48 AM : 
12/24/2016 2:27:48 AM : Failed to create agent because there is no valid NavMesh
12/24/2016 2:27:48 AM : 
12/24/2016 2:27:49 AM : Shroud: Could not find bone defined in XianQing_E_ABCD.cwf: Bone026
12/24/2016 2:27:49 AM : 
12/24/2016 2:27:49 AM : Failed to create agent because there is no valid NavMesh
12/24/2016 2:27:49 AM : 
12/24/2016 2:27:49 AM : Failed to create agent because there is no valid NavMesh
12/24/2016 2:27:49 AM : 
12/24/2016 2:27:49 AM : The referenced script on this Behaviour is missing!
12/24/2016 2:27:49 AM : 
12/24/2016 2:27:49 AM : The referenced script on this Behaviour is missing!
12/24/2016 2:27:49 AM : 
12/24/2016 2:27:49 AM : The referenced script on this Behaviour is missing!
12/24/2016 2:27:49 AM : 
12/24/2016 2:27:49 AM : The referenced script on this Behaviour is missing!
12/24/2016 2:27:49 AM : 
12/24/2016 2:27:49 AM : Failed to create agent because there is no valid NavMesh
12/24/2016 2:27:49 AM : 
12/24/2016 2:27:49 AM : The referenced script on this Behaviour is missing!
12/24/2016 2:27:49 AM : 
12/24/2016 2:27:49 AM : The referenced script on this Behaviour is missing!
12/24/2016 2:27:49 AM : 
12/24/2016 2:27:49 AM : The referenced script on this Behaviour is missing!
12/24/2016 2:27:49 AM : 
12/24/2016 2:27:49 AM : The referenced script on this Behaviour is missing!
12/24/2016 2:27:49 AM : 
12/24/2016 2:27:49 AM : Failed to create agent because there is no valid NavMesh
12/24/2016 2:27:49 AM : 
12/24/2016 2:27:49 AM : The referenced script on this Behaviour is missing!
12/24/2016 2:27:49 AM : 
12/24/2016 2:27:49 AM : The referenced script on this Behaviour is missing!
12/24/2016 2:27:49 AM : 
12/24/2016 2:27:49 AM : The referenced script on this Behaviour is missing!
12/24/2016 2:27:49 AM : 
12/24/2016 2:27:49 AM : The referenced script on this Behaviour is missing!
12/24/2016 2:27:49 AM : 
12/24/2016 2:27:49 AM : The referenced script on this Behaviour is missing!
12/24/2016 2:27:49 AM : 
12/24/2016 2:27:49 AM : The referenced script on this Behaviour is missing!
12/24/2016 2:27:49 AM : 
12/24/2016 2:27:49 AM : The referenced script on this Behaviour is missing!
12/24/2016 2:27:49 AM : 
12/24/2016 2:27:49 AM : The referenced script on this Behaviour is missing!
12/24/2016 2:27:49 AM : 
12/24/2016 2:27:49 AM : The referenced script on this Behaviour is missing!
12/24/2016 2:27:49 AM : 
12/24/2016 2:27:49 AM : The referenced script on this Behaviour is missing!
12/24/2016 2:27:49 AM : 
12/24/2016 2:27:49 AM : The referenced script on this Behaviour is missing!
12/24/2016 2:27:49 AM : 
12/24/2016 2:27:49 AM : The referenced script on this Behaviour is missing!
12/24/2016 2:27:49 AM : 
12/24/2016 2:27:49 AM : The referenced script on this Behaviour is missing!
12/24/2016 2:27:49 AM : 
12/24/2016 2:27:49 AM : The referenced script on this Behaviour is missing!
12/24/2016 2:27:49 AM : 
12/24/2016 2:27:49 AM : The referenced script on this Behaviour is missing!
12/24/2016 2:27:49 AM : 
12/24/2016 2:27:49 AM : The referenced script on this Behaviour is missing!
12/24/2016 2:27:49 AM : 
12/24/2016 2:27:49 AM : Failed to create agent because there is no valid NavMesh
12/24/2016 2:27:49 AM : 
12/24/2016 2:27:50 AM : The referenced script on this Behaviour is missing!
12/24/2016 2:27:50 AM : 
12/24/2016 2:27:50 AM : The referenced script on this Behaviour is missing!
12/24/2016 2:27:50 AM : 
12/24/2016 2:27:50 AM : The referenced script on this Behaviour is missing!
12/24/2016 2:27:50 AM : 
12/24/2016 2:27:50 AM : Failed to create agent because there is no valid NavMesh
12/24/2016 2:27:50 AM : 
12/24/2016 2:27:53 AM : m_FarClipPlane <= 0
12/24/2016 2:27:53 AM : 
12/24/2016 2:27:53 AM : Failed to create agent because there is no valid NavMesh
12/24/2016 2:27:53 AM : 
12/24/2016 2:27:53 AM : Failed to create agent because there is no valid NavMesh
12/24/2016 2:27:53 AM : 
12/24/2016 2:27:58 AM : Failed to create agent because there is no valid NavMesh
12/24/2016 2:27:58 AM : 
12/24/2016 2:27:58 AM : Failed to create agent because there is no valid NavMesh
12/24/2016 2:27:58 AM : 
12/24/2016 2:27:58 AM : Failed to create agent because there is no valid NavMesh
12/24/2016 2:27:58 AM : 
12/24/2016 2:27:58 AM : Failed to create agent because there is no valid NavMesh
12/24/2016 2:27:58 AM : 
12/24/2016 2:28:42 AM : Failed to create agent because it is not close enough to the NavMesh
12/24/2016 2:28:42 AM : 
12/24/2016 2:28:46 AM : The referenced script on this Behaviour is missing!
12/24/2016 2:28:46 AM : 
12/24/2016 2:28:46 AM : The referenced script on this Behaviour is missing!
12/24/2016 2:28:46 AM : 
12/24/2016 2:28:46 AM : The referenced script on this Behaviour is missing!
12/24/2016 2:28:46 AM : 
12/24/2016 2:28:46 AM : The referenced script on this Behaviour is missing!
12/24/2016 2:28:46 AM : 
12/24/2016 2:28:46 AM : The referenced script on this Behaviour is missing!
12/24/2016 2:28:46 AM : 
12/24/2016 2:28:46 AM : The referenced script on this Behaviour is missing!
12/24/2016 2:28:46 AM : 
12/24/2016 2:28:46 AM : The referenced script on this Behaviour is missing!
12/24/2016 2:28:46 AM : 
12/24/2016 2:28:46 AM : The referenced script on this Behaviour is missing!
12/24/2016 2:28:46 AM : 
12/24/2016 2:28:46 AM : The referenced script on this Behaviour is missing!
12/24/2016 2:28:46 AM : 
12/24/2016 2:28:46 AM : The referenced script on this Behaviour is missing!
12/24/2016 2:28:46 AM : 
12/24/2016 2:28:46 AM : The referenced script on this Behaviour is missing!
12/24/2016 2:28:46 AM : 
12/24/2016 2:28:46 AM : The referenced script on this Behaviour is missing!
12/24/2016 2:28:46 AM : 
12/24/2016 2:28:46 AM : The referenced script on this Behaviour is missing!
12/24/2016 2:28:46 AM : 
12/24/2016 2:28:46 AM : The referenced script on this Behaviour is missing!
12/24/2016 2:28:46 AM : 
12/24/2016 2:28:46 AM : The referenced script on this Behaviour is missing!
12/24/2016 2:28:46 AM : 
12/24/2016 2:28:46 AM : The referenced script on this Behaviour is missing!
12/24/2016 2:28:46 AM : 
12/24/2016 2:28:46 AM : The referenced script on this Behaviour is missing!
12/24/2016 2:28:46 AM : 
12/24/2016 2:28:46 AM : The referenced script on this Behaviour is missing!
12/24/2016 2:28:46 AM : 
12/24/2016 2:28:46 AM : The referenced script on this Behaviour is missing!
12/24/2016 2:28:46 AM : 
12/24/2016 2:28:46 AM : The referenced script on this Behaviour is missing!
12/24/2016 2:28:46 AM : 
12/24/2016 2:28:46 AM : The referenced script on this Behaviour is missing!
12/24/2016 2:28:46 AM : 
12/24/2016 2:28:46 AM : The referenced script on this Behaviour is missing!
12/24/2016 2:28:46 AM : 
12/24/2016 2:28:46 AM : The referenced script on this Behaviour is missing!
12/24/2016 2:28:46 AM : 
12/24/2016 2:28:46 AM : The referenced script on this Behaviour is missing!
12/24/2016 2:28:46 AM : 
12/24/2016 2:28:46 AM : The referenced script on this Behaviour is missing!
12/24/2016 2:28:46 AM : 
12/24/2016 2:28:46 AM : The referenced script on this Behaviour is missing!
12/24/2016 2:28:46 AM : 
12/24/2016 2:28:46 AM : The referenced script on this Behaviour is missing!
12/24/2016 2:28:46 AM : 
12/24/2016 2:28:46 AM : The referenced script on this Behaviour is missing!
12/24/2016 2:28:46 AM : 
12/24/2016 2:28:46 AM : The referenced script on this Behaviour is missing!
12/24/2016 2:28:46 AM : 
12/24/2016 2:28:46 AM : The referenced script on this Behaviour is missing!
12/24/2016 2:28:46 AM : 
12/24/2016 2:28:46 AM : The referenced script on this Behaviour is missing!
12/24/2016 2:28:46 AM : 
12/24/2016 2:28:46 AM : The referenced script on this Behaviour is missing!
12/24/2016 2:28:46 AM : 
12/24/2016 2:28:46 AM : The referenced script on this Behaviour is missing!
12/24/2016 2:28:46 AM : 
12/24/2016 2:28:46 AM : The referenced script on this Behaviour is missing!
12/24/2016 2:28:46 AM : 
12/24/2016 2:28:46 AM : The referenced script on this Behaviour is missing!
12/24/2016 2:28:46 AM : 
12/24/2016 2:28:46 AM : The referenced script on this Behaviour is missing!
12/24/2016 2:28:46 AM : 
12/24/2016 2:28:46 AM : The referenced script on this Behaviour is missing!
12/24/2016 2:28:46 AM : 
12/24/2016 2:28:46 AM : The referenced script on this Behaviour is missing!
12/24/2016 2:28:46 AM : 
12/24/2016 2:28:46 AM : The referenced script on this Behaviour is missing!
12/24/2016 2:28:46 AM : 
12/24/2016 2:28:46 AM : The referenced script on this Behaviour is missing!
12/24/2016 2:28:46 AM : 
12/24/2016 2:28:46 AM : The referenced script on this Behaviour is missing!
12/24/2016 2:28:46 AM : 
12/24/2016 2:28:46 AM : The referenced script on this Behaviour is missing!
12/24/2016 2:28:46 AM : 
12/24/2016 2:28:46 AM : The referenced script on this Behaviour is missing!
12/24/2016 2:28:46 AM : 
12/24/2016 2:28:46 AM : The referenced script on this Behaviour is missing!
12/24/2016 2:28:46 AM : 
12/24/2016 2:28:46 AM : The referenced script on this Behaviour is missing!
12/24/2016 2:28:46 AM : 
12/24/2016 2:28:46 AM : The referenced script on this Behaviour is missing!
12/24/2016 2:28:46 AM : 
12/24/2016 2:28:46 AM : The referenced script on this Behaviour is missing!
12/24/2016 2:28:46 AM : 
12/24/2016 2:28:46 AM : The referenced script on this Behaviour is missing!
12/24/2016 2:28:46 AM : 
12/24/2016 2:28:46 AM : The referenced script on this Behaviour is missing!
12/24/2016 2:28:46 AM : 
12/24/2016 2:28:46 AM : The referenced script on this Behaviour is missing!
12/24/2016 2:28:46 AM : 
12/24/2016 2:28:46 AM : The referenced script on this Behaviour is missing!
12/24/2016 2:28:46 AM : 
12/24/2016 2:28:46 AM : The referenced script on this Behaviour is missing!
12/24/2016 2:28:46 AM : 
12/24/2016 2:28:46 AM : The referenced script on this Behaviour is missing!
12/24/2016 2:28:46 AM : 
12/24/2016 2:28:46 AM : The referenced script on this Behaviour is missing!
12/24/2016 2:28:46 AM : 
12/24/2016 2:28:46 AM : The referenced script on this Behaviour is missing!
12/24/2016 2:28:46 AM : 
12/24/2016 2:28:46 AM : The referenced script on this Behaviour is missing!
12/24/2016 2:28:46 AM : 
12/24/2016 2:28:46 AM : The referenced script on this Behaviour is missing!
12/24/2016 2:28:46 AM : 
12/24/2016 2:28:46 AM : The referenced script on this Behaviour is missing!
12/24/2016 2:28:46 AM : 
12/24/2016 2:28:46 AM : The referenced script on this Behaviour is missing!
12/24/2016 2:28:46 AM : 
12/24/2016 2:28:46 AM : The referenced script on this Behaviour is missing!
12/24/2016 2:28:46 AM : 
12/24/2016 2:28:46 AM : The referenced script on this Behaviour is missing!
12/24/2016 2:28:46 AM : 
12/24/2016 2:28:46 AM : The referenced script on this Behaviour is missing!
12/24/2016 2:28:46 AM : 
12/24/2016 2:28:46 AM : The referenced script on this Behaviour is missing!
12/24/2016 2:28:46 AM : 
12/24/2016 2:28:46 AM : The referenced script on this Behaviour is missing!
12/24/2016 2:28:46 AM : 
12/24/2016 2:28:46 AM : The referenced script on this Behaviour is missing!
12/24/2016 2:28:46 AM : 
12/24/2016 2:28:46 AM : The referenced script on this Behaviour is missing!
12/24/2016 2:28:46 AM : 
12/24/2016 2:28:46 AM : The referenced script on this Behaviour is missing!
12/24/2016 2:28:46 AM : 
12/24/2016 2:28:46 AM : The referenced script on this Behaviour is missing!
12/24/2016 2:28:46 AM : 
12/24/2016 2:28:46 AM : The referenced script on this Behaviour is missing!
12/24/2016 2:28:46 AM : 
12/24/2016 2:28:46 AM : The referenced script on this Behaviour is missing!
12/24/2016 2:28:46 AM : 
12/24/2016 2:28:46 AM : The referenced script on this Behaviour is missing!
12/24/2016 2:28:46 AM : 
12/24/2016 2:28:46 AM : The referenced script on this Behaviour is missing!
12/24/2016 2:28:46 AM : 
12/24/2016 2:28:46 AM : The referenced script on this Behaviour is missing!
12/24/2016 2:28:46 AM : 
12/24/2016 2:28:46 AM : The referenced script on this Behaviour is missing!
12/24/2016 2:28:46 AM : 
12/24/2016 2:28:46 AM : The referenced script on this Behaviour is missing!
12/24/2016 2:28:46 AM : 
12/24/2016 2:28:46 AM : The referenced script on this Behaviour is missing!
12/24/2016 2:28:46 AM : 
12/24/2016 2:28:46 AM : The referenced script on this Behaviour is missing!
12/24/2016 2:28:46 AM : 
12/24/2016 2:28:46 AM : The referenced script on this Behaviour is missing!
12/24/2016 2:28:46 AM : 
12/24/2016 2:28:46 AM : The referenced script on this Behaviour is missing!
12/24/2016 2:28:46 AM : 
12/24/2016 2:28:46 AM : The referenced script on this Behaviour is missing!
12/24/2016 2:28:46 AM : 
12/24/2016 2:28:46 AM : The referenced script on this Behaviour is missing!
12/24/2016 2:28:46 AM : 
12/24/2016 2:28:46 AM : The referenced script on this Behaviour is missing!
12/24/2016 2:28:46 AM : 
12/24/2016 2:28:46 AM : The referenced script on this Behaviour is missing!
12/24/2016 2:28:46 AM : 
12/24/2016 2:28:46 AM : The referenced script on this Behaviour is missing!
12/24/2016 2:28:46 AM : 
12/24/2016 2:28:46 AM : The referenced script on this Behaviour is missing!
12/24/2016 2:28:46 AM : 
12/24/2016 2:28:46 AM : The referenced script on this Behaviour is missing!
12/24/2016 2:28:46 AM : 
12/24/2016 2:28:46 AM : The referenced script on this Behaviour is missing!
12/24/2016 2:28:46 AM : 
12/24/2016 2:28:46 AM : The referenced script on this Behaviour is missing!
12/24/2016 2:28:46 AM : 
12/24/2016 2:28:46 AM : The referenced script on this Behaviour is missing!
12/24/2016 2:28:46 AM : 
12/24/2016 2:28:46 AM : The referenced script on this Behaviour is missing!
12/24/2016 2:28:46 AM : 
12/24/2016 2:28:46 AM : The referenced script on this Behaviour is missing!
12/24/2016 2:28:46 AM : 
12/24/2016 2:28:46 AM : The referenced script on this Behaviour is missing!
12/24/2016 2:28:46 AM : 
12/24/2016 2:28:46 AM : The referenced script on this Behaviour is missing!
12/24/2016 2:28:46 AM : 
12/24/2016 2:28:46 AM : The referenced script on this Behaviour is missing!
12/24/2016 2:28:46 AM : 
12/24/2016 2:28:46 AM : The referenced script on this Behaviour is missing!
12/24/2016 2:28:46 AM : 
12/24/2016 2:28:46 AM : The referenced script on this Behaviour is missing!
12/24/2016 2:28:46 AM : 
12/24/2016 2:28:46 AM : The referenced script on this Behaviour is missing!
12/24/2016 2:28:46 AM : 
12/24/2016 2:28:46 AM : The referenced script on this Behaviour is missing!
12/24/2016 2:28:46 AM : 
12/24/2016 2:28:46 AM : The referenced script on this Behaviour is missing!
12/24/2016 2:28:46 AM : 
12/24/2016 2:28:46 AM : The referenced script on this Behaviour is missing!
12/24/2016 2:28:46 AM : 
12/24/2016 2:28:46 AM : The referenced script on this Behaviour is missing!
12/24/2016 2:28:46 AM : 
12/24/2016 2:28:46 AM : The referenced script on this Behaviour is missing!
12/24/2016 2:28:46 AM : 
12/24/2016 2:28:46 AM : The referenced script on this Behaviour is missing!
12/24/2016 2:28:46 AM : 
12/24/2016 2:28:46 AM : The referenced script on this Behaviour is missing!
12/24/2016 2:28:46 AM : 
12/24/2016 2:28:46 AM : The referenced script on this Behaviour is missing!
12/24/2016 2:28:46 AM : 
12/24/2016 2:28:46 AM : The referenced script on this Behaviour is missing!
12/24/2016 2:28:46 AM : 
12/24/2016 2:28:46 AM : The referenced script on this Behaviour is missing!
12/24/2016 2:28:46 AM : 
12/24/2016 2:28:46 AM : The referenced script on this Behaviour is missing!
12/24/2016 2:28:46 AM : 
12/24/2016 2:28:46 AM : The referenced script on this Behaviour is missing!
12/24/2016 2:28:46 AM : 
12/24/2016 2:28:46 AM : The referenced script on this Behaviour is missing!
12/24/2016 2:28:46 AM : 
12/24/2016 2:28:46 AM : The referenced script on this Behaviour is missing!
12/24/2016 2:28:46 AM : 
12/24/2016 2:28:46 AM : The referenced script on this Behaviour is missing!
12/24/2016 2:28:46 AM : 
12/24/2016 2:28:46 AM : The referenced script on this Behaviour is missing!
12/24/2016 2:28:46 AM : 
12/24/2016 2:28:46 AM : The referenced script on this Behaviour is missing!
12/24/2016 2:28:46 AM : 
12/24/2016 2:28:46 AM : The referenced script on this Behaviour is missing!
12/24/2016 2:28:46 AM : 
12/24/2016 2:28:46 AM : The referenced script on this Behaviour is missing!
12/24/2016 2:28:46 AM : 
12/24/2016 2:28:46 AM : The referenced script on this Behaviour is missing!
12/24/2016 2:28:46 AM : 
12/24/2016 2:28:46 AM : The referenced script on this Behaviour is missing!
12/24/2016 2:28:46 AM : 
12/24/2016 2:28:46 AM : The referenced script on this Behaviour is missing!
12/24/2016 2:28:46 AM : 
12/24/2016 2:28:46 AM : The referenced script on this Behaviour is missing!
12/24/2016 2:28:46 AM : 
12/24/2016 2:28:46 AM : The referenced script on this Behaviour is missing!
12/24/2016 2:28:46 AM : 
12/24/2016 2:28:46 AM : The referenced script on this Behaviour is missing!
12/24/2016 2:28:46 AM : 
12/24/2016 2:28:46 AM : The referenced script on this Behaviour is missing!
12/24/2016 2:28:46 AM : 
12/24/2016 2:28:46 AM : The referenced script on this Behaviour is missing!
12/24/2016 2:28:46 AM : 
12/24/2016 2:28:46 AM : The referenced script on this Behaviour is missing!
12/24/2016 2:28:46 AM : 
12/24/2016 2:28:46 AM : The referenced script on this Behaviour is missing!
12/24/2016 2:28:46 AM : 
12/24/2016 2:28:46 AM : The referenced script on this Behaviour is missing!
12/24/2016 2:28:46 AM : 
12/24/2016 2:28:46 AM : The referenced script on this Behaviour is missing!
12/24/2016 2:28:46 AM : 
12/24/2016 2:28:46 AM : The referenced script on this Behaviour is missing!
12/24/2016 2:28:46 AM : 
12/24/2016 2:28:46 AM : The referenced script on this Behaviour is missing!
12/24/2016 2:28:46 AM : 
12/24/2016 2:28:46 AM : The referenced script on this Behaviour is missing!
12/24/2016 2:28:46 AM : 
12/24/2016 2:28:46 AM : The referenced script on this Behaviour is missing!
12/24/2016 2:28:46 AM : 
12/24/2016 2:28:46 AM : The referenced script on this Behaviour is missing!
12/24/2016 2:28:46 AM : 
12/24/2016 2:28:46 AM : The referenced script on this Behaviour is missing!
12/24/2016 2:28:46 AM : 
12/24/2016 2:28:46 AM : The referenced script on this Behaviour is missing!
12/24/2016 2:28:46 AM : 
12/24/2016 2:28:46 AM : The referenced script on this Behaviour is missing!
12/24/2016 2:28:46 AM : 
12/24/2016 2:28:46 AM : The referenced script on this Behaviour is missing!
12/24/2016 2:28:46 AM : 
12/24/2016 2:28:46 AM : The referenced script on this Behaviour is missing!
12/24/2016 2:28:46 AM : 
12/24/2016 2:28:46 AM : The referenced script on this Behaviour is missing!
12/24/2016 2:28:46 AM : 
12/24/2016 2:28:46 AM : The referenced script on this Behaviour is missing!
12/24/2016 2:28:46 AM : 
12/24/2016 2:28:46 AM : The referenced script on this Behaviour is missing!
12/24/2016 2:28:46 AM : 
12/24/2016 2:28:46 AM : The referenced script on this Behaviour is missing!
12/24/2016 2:28:46 AM : 
12/24/2016 2:28:46 AM : The referenced script on this Behaviour is missing!
12/24/2016 2:28:46 AM : 
12/24/2016 2:28:46 AM : The referenced script on this Behaviour is missing!
12/24/2016 2:28:46 AM : 
12/24/2016 2:28:46 AM : The referenced script on this Behaviour is missing!
12/24/2016 2:28:46 AM : 
12/24/2016 2:28:46 AM : The referenced script on this Behaviour is missing!
12/24/2016 2:28:46 AM : 
12/24/2016 2:28:46 AM : The referenced script on this Behaviour is missing!
12/24/2016 2:28:46 AM : 
12/24/2016 2:28:46 AM : The referenced script on this Behaviour is missing!
12/24/2016 2:28:46 AM : 
12/24/2016 2:28:46 AM : The referenced script on this Behaviour is missing!
12/24/2016 2:28:46 AM : 
12/24/2016 2:28:46 AM : The referenced script on this Behaviour is missing!
12/24/2016 2:28:46 AM : 
12/24/2016 2:28:46 AM : The referenced script on this Behaviour is missing!
12/24/2016 2:28:46 AM : 
12/24/2016 2:28:46 AM : The referenced script on this Behaviour is missing!
12/24/2016 2:28:46 AM : 
12/24/2016 2:28:46 AM : The referenced script on this Behaviour is missing!
12/24/2016 2:28:46 AM : 
12/24/2016 2:28:46 AM : The referenced script on this Behaviour is missing!
12/24/2016 2:28:46 AM : 
12/24/2016 2:28:46 AM : The referenced script on this Behaviour is missing!
12/24/2016 2:28:46 AM : 
12/24/2016 2:28:46 AM : The referenced script on this Behaviour is missing!
12/24/2016 2:28:46 AM : 
12/24/2016 2:28:46 AM : The referenced script on this Behaviour is missing!
12/24/2016 2:28:46 AM : 
12/24/2016 2:28:46 AM : The referenced script on this Behaviour is missing!
12/24/2016 2:28:46 AM : 
12/24/2016 2:28:46 AM : The referenced script on this Behaviour is missing!
12/24/2016 2:28:46 AM : 
12/24/2016 2:28:46 AM : The referenced script on this Behaviour is missing!
12/24/2016 2:28:46 AM : 
12/24/2016 2:28:46 AM : The referenced script on this Behaviour is missing!
12/24/2016 2:28:46 AM : 
12/24/2016 2:28:46 AM : The referenced script on this Behaviour is missing!
12/24/2016 2:28:46 AM : 
12/24/2016 2:28:46 AM : The referenced script on this Behaviour is missing!
12/24/2016 2:28:46 AM : 
12/24/2016 2:28:46 AM : The referenced script on this Behaviour is missing!
12/24/2016 2:28:46 AM : 
12/24/2016 2:28:46 AM : The referenced script on this Behaviour is missing!
12/24/2016 2:28:46 AM : 
12/24/2016 2:28:46 AM : The referenced script on this Behaviour is missing!
12/24/2016 2:28:46 AM : 
12/24/2016 2:28:46 AM : The referenced script on this Behaviour is missing!
12/24/2016 2:28:46 AM : 
12/24/2016 2:28:46 AM : The referenced script on this Behaviour is missing!
12/24/2016 2:28:46 AM : 
12/24/2016 2:28:46 AM : The referenced script on this Behaviour is missing!
12/24/2016 2:28:46 AM : 
12/24/2016 2:28:46 AM : The referenced script on this Behaviour is missing!
12/24/2016 2:28:46 AM : 
12/24/2016 2:28:46 AM : The referenced script on this Behaviour is missing!
12/24/2016 2:28:46 AM : 
12/24/2016 2:28:46 AM : The referenced script on this Behaviour is missing!
12/24/2016 2:28:46 AM : 
12/24/2016 2:28:46 AM : The referenced script on this Behaviour is missing!
12/24/2016 2:28:46 AM : 
12/24/2016 2:28:46 AM : The referenced script on this Behaviour is missing!
12/24/2016 2:28:46 AM : 
12/24/2016 2:28:46 AM : The referenced script on this Behaviour is missing!
12/24/2016 2:28:46 AM : 
12/24/2016 2:28:46 AM : The referenced script on this Behaviour is missing!
12/24/2016 2:28:46 AM : 
12/24/2016 2:28:46 AM : The referenced script on this Behaviour is missing!
12/24/2016 2:28:46 AM : 
12/24/2016 2:28:46 AM : The referenced script on this Behaviour is missing!
12/24/2016 2:28:46 AM : 
12/24/2016 2:28:46 AM : The referenced script on this Behaviour is missing!
12/24/2016 2:28:46 AM : 
12/24/2016 2:28:46 AM : The referenced script on this Behaviour is missing!
12/24/2016 2:28:46 AM : 
12/24/2016 2:28:46 AM : The referenced script on this Behaviour is missing!
12/24/2016 2:28:46 AM : 
12/24/2016 2:28:46 AM : The referenced script on this Behaviour is missing!
12/24/2016 2:28:46 AM : 
12/24/2016 2:28:46 AM : The referenced script on this Behaviour is missing!
12/24/2016 2:28:46 AM : 
12/24/2016 2:28:46 AM : The referenced script on this Behaviour is missing!
12/24/2016 2:28:46 AM : 
12/24/2016 2:28:46 AM : The referenced script on this Behaviour is missing!
12/24/2016 2:28:46 AM : 
12/24/2016 2:28:46 AM : The referenced script on this Behaviour is missing!
12/24/2016 2:28:46 AM : 
12/24/2016 2:28:46 AM : The referenced script on this Behaviour is missing!
12/24/2016 2:28:46 AM : 
12/24/2016 2:28:46 AM : The referenced script on this Behaviour is missing!
12/24/2016 2:28:46 AM : 
12/24/2016 2:28:46 AM : The referenced script on this Behaviour is missing!
12/24/2016 2:28:46 AM : 
12/24/2016 2:28:46 AM : The referenced script on this Behaviour is missing!
12/24/2016 2:28:46 AM : 
12/24/2016 2:28:46 AM : The referenced script on this Behaviour is missing!
12/24/2016 2:28:46 AM : 
12/24/2016 2:28:46 AM : The referenced script on this Behaviour is missing!
12/24/2016 2:28:46 AM : 
12/24/2016 2:28:46 AM : The referenced script on this Behaviour is missing!
12/24/2016 2:28:46 AM : 
12/24/2016 2:28:46 AM : The referenced script on this Behaviour is missing!
12/24/2016 2:28:46 AM : 
12/24/2016 2:28:46 AM : The referenced script on this Behaviour is missing!
12/24/2016 2:28:46 AM : 
12/24/2016 2:28:46 AM : The referenced script on this Behaviour is missing!
12/24/2016 2:28:46 AM : 
12/24/2016 2:28:46 AM : The referenced script on this Behaviour is missing!
12/24/2016 2:28:46 AM : 
12/24/2016 2:28:46 AM : The referenced script on this Behaviour is missing!
12/24/2016 2:28:46 AM : 
12/24/2016 2:28:46 AM : The referenced script on this Behaviour is missing!
12/24/2016 2:28:46 AM : 
12/24/2016 2:28:46 AM : The referenced script on this Behaviour is missing!
12/24/2016 2:28:46 AM : 
12/24/2016 2:28:46 AM : The referenced script on this Behaviour is missing!
12/24/2016 2:28:46 AM : 
12/24/2016 2:28:46 AM : The referenced script on this Behaviour is missing!
12/24/2016 2:28:46 AM : 
12/24/2016 2:28:46 AM : The referenced script on this Behaviour is missing!
12/24/2016 2:28:46 AM : 
12/24/2016 2:28:46 AM : The referenced script on this Behaviour is missing!
12/24/2016 2:28:46 AM : 
12/24/2016 2:28:46 AM : The referenced script on this Behaviour is missing!
12/24/2016 2:28:46 AM : 
12/24/2016 2:28:46 AM : The referenced script on this Behaviour is missing!
12/24/2016 2:28:46 AM : 
12/24/2016 2:28:46 AM : The referenced script on this Behaviour is missing!
12/24/2016 2:28:46 AM : 
12/24/2016 2:28:46 AM : The referenced script on this Behaviour is missing!
12/24/2016 2:28:46 AM : 
12/24/2016 2:28:48 AM : Failed to create agent because it is not close enough to the NavMesh
12/24/2016 2:28:48 AM : 
12/24/2016 2:28:48 AM : Failed to create agent because it is not close enough to the NavMesh
12/24/2016 2:28:48 AM : 
12/24/2016 2:28:48 AM : Failed to create agent because it is not close enough to the NavMesh
12/24/2016 2:28:48 AM : 
12/24/2016 2:28:48 AM : Failed to create agent because it is not close enough to the NavMesh
12/24/2016 2:28:48 AM : 
12/24/2016 2:28:49 AM : Failed to create agent because it is not close enough to the NavMesh
12/24/2016 2:28:49 AM : 
12/24/2016 2:28:49 AM : Failed to create agent because it is not close enough to the NavMesh
12/24/2016 2:28:49 AM : 
12/24/2016 2:28:49 AM : Failed to create agent because it is not close enough to the NavMesh
12/24/2016 2:28:49 AM : 
12/24/2016 2:28:49 AM : Failed to create agent because it is not close enough to the NavMesh
12/24/2016 2:28:49 AM : 
12/24/2016 2:28:49 AM : 读取 Monster1 结束
12/24/2016 2:28:49 AM : 
12/24/2016 2:28:50 AM : Failed to create agent because it is not close enough to the NavMesh
12/24/2016 2:28:50 AM : 
12/24/2016 2:28:50 AM : Failed to create agent because it is not close enough to the NavMesh
12/24/2016 2:28:50 AM : 
12/24/2016 2:28:50 AM : 读取 Monster2 结束
12/24/2016 2:28:50 AM : 
12/24/2016 2:28:50 AM : 读取 Monster3 结束
12/24/2016 2:28:50 AM : 
12/24/2016 2:28:50 AM : 读取 Monster4 结束
12/24/2016 2:28:50 AM : 
12/24/2016 2:28:50 AM : 读取 LevelTrigger_Group 结束
12/24/2016 2:28:50 AM : 
12/24/2016 2:28:50 AM : 读取 FallDeath_Check 结束
12/24/2016 2:28:50 AM : 
12/24/2016 2:28:52 AM : 读取 Wall_group 结束
12/24/2016 2:28:52 AM : 
12/24/2016 2:28:53 AM : 读取 Bone_group 结束
12/24/2016 2:28:53 AM : 
12/24/2016 2:28:53 AM : 读取 FubanUpDown_group 结束
12/24/2016 2:28:53 AM : 
12/24/2016 2:28:53 AM : 读取 FubanFBack_group 结束
12/24/2016 2:28:53 AM : 
12/24/2016 2:28:56 AM : 读取 FlySword_Point_Group 结束
12/24/2016 2:28:56 AM : 
12/24/2016 2:28:56 AM : 读取 zulandian 结束
12/24/2016 2:28:56 AM : 
12/24/2016 2:28:56 AM : 读取 baoxiang1 结束
12/24/2016 2:28:56 AM : 
12/24/2016 2:28:56 AM : 读取 baoxiang2 结束
12/24/2016 2:28:56 AM : 
12/24/2016 2:28:57 AM : 读取 nashi2 结束
12/24/2016 2:28:57 AM : 
12/24/2016 2:28:59 AM : Failed to create agent because it is not close enough to the NavMesh
12/24/2016 2:28:59 AM : 
12/24/2016 2:28:59 AM : Failed to create agent because it is not close enough to the NavMesh
12/24/2016 2:28:59 AM : 
12/24/2016 2:29:00 AM : The referenced script on this Behaviour is missing!
12/24/2016 2:29:00 AM : 
12/24/2016 2:29:00 AM : The referenced script on this Behaviour is missing!
12/24/2016 2:29:00 AM : 
12/24/2016 2:29:00 AM : The referenced script on this Behaviour is missing!
12/24/2016 2:29:00 AM : 
12/24/2016 2:29:00 AM : The referenced script on this Behaviour is missing!
12/24/2016 2:29:00 AM : 
12/24/2016 2:29:00 AM : Failed to create agent because it is not close enough to the NavMesh
12/24/2016 2:29:00 AM : 
12/24/2016 2:29:00 AM : The referenced script on this Behaviour is missing!
12/24/2016 2:29:00 AM : 
12/24/2016 2:29:00 AM : The referenced script on this Behaviour is missing!
12/24/2016 2:29:00 AM : 
12/24/2016 2:29:00 AM : The referenced script on this Behaviour is missing!
12/24/2016 2:29:00 AM : 
12/24/2016 2:29:00 AM : Failed to create agent because it is not close enough to the NavMesh
12/24/2016 2:29:00 AM : 
12/24/2016 2:29:00 AM : The referenced script on this Behaviour is missing!
12/24/2016 2:29:00 AM : 
12/24/2016 2:29:00 AM : The referenced script on this Behaviour is missing!
12/24/2016 2:29:00 AM : 
12/24/2016 2:29:00 AM : The referenced script on this Behaviour is missing!
12/24/2016 2:29:00 AM : 
12/24/2016 2:29:00 AM : The referenced script on this Behaviour is missing!
12/24/2016 2:29:00 AM : 
12/24/2016 2:29:00 AM : The referenced script on this Behaviour is missing!
12/24/2016 2:29:00 AM : 
12/24/2016 2:29:00 AM : The referenced script on this Behaviour is missing!
12/24/2016 2:29:00 AM : 
12/24/2016 2:29:00 AM : The referenced script on this Behaviour is missing!
12/24/2016 2:29:00 AM : 
12/24/2016 2:29:00 AM : The referenced script on this Behaviour is missing!
12/24/2016 2:29:00 AM : 
12/24/2016 2:29:00 AM : The referenced script on this Behaviour is missing!
12/24/2016 2:29:00 AM : 
12/24/2016 2:29:00 AM : The referenced script on this Behaviour is missing!
12/24/2016 2:29:00 AM : 
12/24/2016 2:29:00 AM : The referenced script on this Behaviour is missing!
12/24/2016 2:29:00 AM : 
12/24/2016 2:29:00 AM : The referenced script on this Behaviour is missing!
12/24/2016 2:29:00 AM : 
12/24/2016 2:29:00 AM : The referenced script on this Behaviour is missing!
12/24/2016 2:29:00 AM : 
12/24/2016 2:29:00 AM : The referenced script on this Behaviour is missing!
12/24/2016 2:29:00 AM : 
12/24/2016 2:29:00 AM : The referenced script on this Behaviour is missing!
12/24/2016 2:29:00 AM : 
12/24/2016 2:29:00 AM : The referenced script on this Behaviour is missing!
12/24/2016 2:29:00 AM : 
12/24/2016 2:29:00 AM : Failed to create agent because it is not close enough to the NavMesh
12/24/2016 2:29:00 AM : 
12/24/2016 2:29:00 AM : 读取 m45 结束
12/24/2016 2:29:00 AM : 
12/24/2016 2:29:00 AM : Failed to create agent because it is not close enough to the NavMesh
12/24/2016 2:29:00 AM : 
12/24/2016 2:29:00 AM : Failed to create agent because it is not close enough to the NavMesh
12/24/2016 2:29:00 AM : 
12/24/2016 2:29:00 AM : Failed to create agent because it is not close enough to the NavMesh
12/24/2016 2:29:00 AM : 
12/24/2016 2:29:00 AM : Failed to create agent because it is not close enough to the NavMesh
12/24/2016 2:29:00 AM : 
12/24/2016 2:29:00 AM : Failed to create agent because it is not close enough to the NavMesh
12/24/2016 2:29:00 AM : 
12/24/2016 2:29:00 AM : Failed to create agent because it is not close enough to the NavMesh
12/24/2016 2:29:00 AM : 
12/24/2016 2:29:01 AM : 读取 TTLguangquan 结束
12/24/2016 2:29:01 AM : 
12/24/2016 2:29:02 AM : 读取 huifu 结束
12/24/2016 2:29:02 AM : 
12/24/2016 2:29:02 AM : 读取 chuansongfazhen 结束
12/24/2016 2:29:02 AM : 
12/24/2016 2:29:02 AM : 读取 guixu_out 结束
12/24/2016 2:29:02 AM : 
12/24/2016 2:29:02 AM : 读取 m44 结束
12/24/2016 2:29:02 AM : 
12/24/2016 2:29:02 AM : 读取 guixu 结束
12/24/2016 2:29:02 AM : 
12/24/2016 2:29:03 AM : Failed to create agent because it is not close enough to the NavMesh
12/24/2016 2:29:03 AM : 
12/24/2016 2:29:03 AM : Failed to create agent because it is not close enough to the NavMesh
12/24/2016 2:29:03 AM : 
12/24/2016 2:29:07 AM : Failed to create agent because it is not close enough to the NavMesh
12/24/2016 2:29:07 AM : 
